{"logLevel":"debug","message":"multithreading is set to false"}
{"logLevel":"debug","message":"Using reflection to scan dependencies for gauge implementations..."}
SLF4J: Failed to load class "org.slf4j.impl.StaticLoggerBinder".
SLF4J: Defaulting to no-operation (NOP) logger implementation
SLF4J: See http://www.slf4j.org/codes.html#StaticLoggerBinder for further details.
{"logLevel":"debug","message":"gauge-java took 9050milliseconds to load and scan. This should be less than 'runner_connection_timeout' config value."}
{"logLevel":"debug","message":"run 'gauge config runner_connection_timeout' and verify that it is < 9050"}
{"logLevel":"debug","message":"starting gRPC server..."}
{"logLevel":"debug","message":"started gRPC server on port 54324"}
{"logLevel":"info","message":"Listening on port:54324"}
{"logLevel":"debug","message":"Scanning packages for steps"}
{"logLevel":"debug","message":"Comparing 'test.loginTest.setFailUserName' and 'test.loginTest.setFailUserName'"}
{"logLevel":"debug","message":"Found Enter incorrect username on login page in current project scope."}
{"logLevel":"debug","message":"Comparing 'test.pageControlTest.checkUserNameField' and 'test.pageControlTest.checkUserNameField'"}
{"logLevel":"debug","message":"Found Check User name on login page in current project scope."}
{"logLevel":"debug","message":"Comparing 'test.loginTest.checkLoginStatusMessage' and 'test.loginTest.checkLoginStatusMessage'"}
{"logLevel":"debug","message":"Found Check success login status message on login page in current project scope."}
{"logLevel":"debug","message":"Comparing 'test.pageControlTest.checkTitle' and 'test.pageControlTest.checkTitle'"}
{"logLevel":"debug","message":"Found Check title login page in current project scope."}
{"logLevel":"debug","message":"Comparing 'test.loginTest.clickLoginButton' and 'test.loginTest.clickLoginButton'"}
{"logLevel":"debug","message":"Found Click login button on login page in current project scope."}
{"logLevel":"debug","message":"Comparing 'test.loginTest.setPassword' and 'test.loginTest.setPassword'"}
{"logLevel":"debug","message":"Found Enter correct password on login page in current project scope."}
{"logLevel":"debug","message":"Comparing 'test.loginTest.checkFailedLoginStatusMessage' and 'test.loginTest.checkFailedLoginStatusMessage'"}
{"logLevel":"debug","message":"Found Check failed login status message on login page in current project scope."}
{"logLevel":"debug","message":"Comparing 'test.pageControlTest.checkStatusMessage' and 'test.pageControlTest.checkStatusMessage'"}
{"logLevel":"debug","message":"Found Check Status Message on login page in current project scope."}
{"logLevel":"debug","message":"Comparing 'test.homeTest.goToUrl' and 'test.homeTest.goToUrl'"}
{"logLevel":"debug","message":"Found Go to the demo site login page in current project scope."}
{"logLevel":"debug","message":"Comparing 'test.pageControlTest.checkHeader' and 'test.pageControlTest.checkHeader'"}
{"logLevel":"debug","message":"Found Check Header on login page in current project scope."}
{"logLevel":"debug","message":"Comparing 'test.pageControlTest.checkInfoMessage' and 'test.pageControlTest.checkInfoMessage'"}
{"logLevel":"debug","message":"Found Check Info Message on login page in current project scope."}
{"logLevel":"debug","message":"Comparing 'test.loginTest.setUserName' and 'test.loginTest.setUserName'"}
{"logLevel":"debug","message":"Found Enter correct username on login page in current project scope."}
{"logLevel":"debug","message":"Comparing 'test.pageControlTest.checkLoginButton' and 'test.pageControlTest.checkLoginButton'"}
{"logLevel":"debug","message":"Found Check Login button in current project scope."}
{"logLevel":"debug","message":"Comparing 'test.loginTest.setFailPassword' and 'test.loginTest.setFailPassword'"}
{"logLevel":"debug","message":"Found Enter incorrect password on login page in current project scope."}
{"logLevel":"debug","message":"Comparing 'test.pageControlTest.checkPasswordField' and 'test.pageControlTest.checkPasswordField'"}
{"logLevel":"debug","message":"Found Check password field on login page in current project scope."}
{"logLevel":"debug","message":"Scanning packages for hooks"}
{"logLevel":"debug","message":"Scanned steps (using static parsing + reflections): "}
{"logLevel":"debug","message":"\tCheck Status Message on login page : public void checkStatusMessage()"}
{"logLevel":"debug","message":"\tCheck success login status message on login page : public void checkLoginStatusMessage()"}
{"logLevel":"debug","message":"\tCheck User name on login page : public void checkUserNameField()"}
{"logLevel":"debug","message":"\tEnter incorrect password on login page : public void setFailPassword()"}
{"logLevel":"debug","message":"\tCheck password field on login page : public void checkPasswordField()"}
{"logLevel":"debug","message":"\tCheck Info Message on login page : public void checkInfoMessage()"}
{"logLevel":"debug","message":"\tCheck Header on login page : public void checkHeader()"}
{"logLevel":"debug","message":"\tEnter correct password on login page : public void setPassword()"}
{"logLevel":"debug","message":"\tEnter incorrect username on login page : public void setFailUserName()"}
{"logLevel":"debug","message":"\tGo to the demo site login page : public void goToUrl()"}
{"logLevel":"debug","message":"\tCheck Login button : public void checkLoginButton()"}
{"logLevel":"debug","message":"\tEnter correct username on login page : public void setUserName()"}
{"logLevel":"debug","message":"\tCheck title login page : public void checkTitle()"}
{"logLevel":"debug","message":"\tClick login button on login page : public void clickLoginButton()"}
{"logLevel":"debug","message":"\tCheck failed login status message on login page : public void checkFailedLoginStatusMessage()"}
Starting ChromeDriver 90.0.4430.24 (4c6d850f087da467d926e8eddb76550aed655991-refs/branch-heads/4430@{#429}) on port 24052
Only local connections are allowed.
Please see https://chromedriver.chromium.org/security-considerations for suggestions on keeping ChromeDriver safe.
ChromeDriver was started successfully.
Nis 23, 2021 5:32:52 ÖS org.openqa.selenium.remote.ProtocolHandshake createSession
INFO: Detected dialect: W3C
{"logLevel":"debug","message":"Executing 'Go to the demo site login page' using 'class test.homeTest.goToUrl"}
{"logLevel":"debug","message":"Executing 'Check title login page' using 'class test.pageControlTest.checkTitle"}
{"logLevel":"debug","message":"Executing 'Check Header on login page' using 'class test.pageControlTest.checkHeader"}
{"logLevel":"debug","message":"Executing 'Check Status Message on login page' using 'class test.pageControlTest.checkStatusMessage"}
{"logLevel":"debug","message":"Executing 'Check Info Message on login page' using 'class test.pageControlTest.checkInfoMessage"}
{"logLevel":"debug","message":"Executing 'Check User name on login page' using 'class test.pageControlTest.checkUserNameField"}
{"logLevel":"debug","message":"Executing 'Check password field on login page' using 'class test.pageControlTest.checkPasswordField"}
{"logLevel":"debug","message":"Executing 'Check Login button' using 'class test.pageControlTest.checkLoginButton"}
