{"logLevel":"debug","message":"multithreading is set to false"}
{"logLevel":"debug","message":"Using reflection to scan dependencies for gauge implementations..."}
SLF4J: Failed to load class "org.slf4j.impl.StaticLoggerBinder".
SLF4J: Defaulting to no-operation (NOP) logger implementation
SLF4J: See http://www.slf4j.org/codes.html#StaticLoggerBinder for further details.
{"logLevel":"debug","message":"Scanning packages for steps"}
{"logLevel":"debug","message":"Comparing 'test.pageControlTest.checkUserNameField' and 'test.pageControlTest.checkUserNameField'"}
{"logLevel":"debug","message":"Found Check User name on login page in current project scope."}
{"logLevel":"debug","message":"Comparing 'test.homeTest.goToUrl' and 'test.homeTest.goToUrl'"}
{"logLevel":"debug","message":"Found Go to the demo site login page in current project scope."}
{"logLevel":"debug","message":"Comparing 'test.loginTest.checkLoginStatusMessage' and 'test.loginTest.checkLoginStatusMessage'"}
{"logLevel":"debug","message":"Found Check success login status message on login page in current project scope."}
{"logLevel":"debug","message":"Comparing 'test.pageControlTest.checkTitle' and 'test.pageControlTest.checkTitle'"}
{"logLevel":"debug","message":"Found Check title login page in current project scope."}
{"logLevel":"debug","message":"Comparing 'test.loginTest.clickLoginButton' and 'test.loginTest.clickLoginButton'"}
{"logLevel":"debug","message":"Found Click login button on login page in current project scope."}
{"logLevel":"debug","message":"Comparing 'test.loginTest.setPassword' and 'test.loginTest.setPassword'"}
{"logLevel":"debug","message":"Found Enter correct password on login page in current project scope."}
{"logLevel":"debug","message":"Comparing 'test.pageControlTest.checkHeader' and 'test.pageControlTest.checkHeader'"}
{"logLevel":"debug","message":"Found Check Header on login page in current project scope."}
{"logLevel":"debug","message":"Comparing 'test.pageControlTest.checkInfoMessage' and 'test.pageControlTest.checkInfoMessage'"}
{"logLevel":"debug","message":"Found Check Info Message on login page in current project scope."}
{"logLevel":"debug","message":"Comparing 'test.loginTest.setUserName' and 'test.loginTest.setUserName'"}
{"logLevel":"debug","message":"Found Enter correct username on login page in current project scope."}
{"logLevel":"debug","message":"Comparing 'test.pageControlTest.checkLoginButton' and 'test.pageControlTest.checkLoginButton'"}
{"logLevel":"debug","message":"Found Check Login button in current project scope."}
{"logLevel":"debug","message":"Comparing 'test.pageControlTest.checkPasswordField' and 'test.pageControlTest.checkPasswordField'"}
{"logLevel":"debug","message":"Found Check password field on login page in current project scope."}
{"logLevel":"debug","message":"Comparing 'test.pageControlTest.checkStatusMessage' and 'test.pageControlTest.checkStatusMessage'"}
{"logLevel":"debug","message":"Found Check Status Message on login page in current project scope."}
{"logLevel":"debug","message":"Scanning packages for hooks"}
{"logLevel":"debug","message":"Scanned steps (using static parsing + reflections): "}
{"logLevel":"debug","message":"\tCheck Status Message on login page : public void checkStatusMessage()"}
{"logLevel":"debug","message":"\tCheck success login status message on login page : public void checkLoginStatusMessage()"}
{"logLevel":"debug","message":"\tCheck User name on login page : public void checkUserNameField()"}
{"logLevel":"debug","message":"\tCheck password field on login page : public void checkPasswordField()"}
{"logLevel":"debug","message":"\tCheck Info Message on login page : public void checkInfoMessage()"}
{"logLevel":"debug","message":"\tCheck Header on login page : public void checkHeader()"}
{"logLevel":"debug","message":"\tEnter correct password on login page : public void setPassword()"}
{"logLevel":"debug","message":"\tGo to the demo site login page : public void goToUrl()"}
{"logLevel":"debug","message":"\tCheck Login button : public void checkLoginButton()"}
{"logLevel":"debug","message":"\tEnter correct username on login page : public void setUserName()"}
{"logLevel":"debug","message":"\tCheck title login page : public void checkTitle()"}
{"logLevel":"debug","message":"\tClick login button on login page : public void clickLoginButton()"}
{"logLevel":"debug","message":"gauge-java took 13923milliseconds to load and scan. This should be less than 'runner_connection_timeout' config value."}
{"logLevel":"debug","message":"run 'gauge config runner_connection_timeout' and verify that it is < 13923"}
{"logLevel":"debug","message":"starting gRPC server..."}
{"logLevel":"debug","message":"started gRPC server on port 52885"}
{"logLevel":"info","message":"Listening on port:52885"}
Starting ChromeDriver 90.0.4430.24 (4c6d850f087da467d926e8eddb76550aed655991-refs/branch-heads/4430@{#429}) on port 26201
Only local connections are allowed.
Please see https://chromedriver.chromium.org/security-considerations for suggestions on keeping ChromeDriver safe.
ChromeDriver was started successfully.
Nis 22, 2021 12:34:58 ÖÖ org.openqa.selenium.remote.ProtocolHandshake createSession
INFO: Detected dialect: W3C
{"logLevel":"debug","message":"Executing 'Go to the demo site login page' using 'class test.homeTest.goToUrl"}
{"logLevel":"debug","message":"Executing 'Enter correct username on login page' using 'class test.loginTest.setUserName"}
{"logLevel":"debug","message":"Executing 'Enter correct password on login page' using 'class test.loginTest.setPassword"}
{"logLevel":"debug","message":"Executing 'Click login button on login page' using 'class test.loginTest.clickLoginButton"}
{"logLevel":"debug","message":"Executing 'Check success login status message on login page' using 'class test.loginTest.checkLoginStatusMessage"}
